"C:\Program Files\JetBrains\CLion 2017.2.2\bin\cmake\bin\cmake.exe" -DCMAKE_BUILD_TYPE=Debug -G "CodeBlocks - MinGW Makefiles" "C:\Users\ahmte\Desktop\Cpp Ödev\161044011"
-- The C compiler identification is GNU 6.3.0
-- The CXX compiler identification is GNU 6.3.0
-- Check for working C compiler: C:/MinGW/bin/gcc.exe
-- Check for working C compiler: C:/MinGW/bin/gcc.exe -- broken
CMake Error at C:/Program Files/JetBrains/CLion 2017.2.2/bin/cmake/share/cmake-3.8/Modules/CMakeTestCCompiler.cmake:51 (message):
  The C compiler "C:/MinGW/bin/gcc.exe" is not able to compile a simple test
  program.

  It fails with the following output:

   Change Dir: C:/Users/ahmte/Desktop/Cpp Ã–dev/161044011/cmake-build-debug/CMakeFiles/CMakeTmp

  

  Run Build Command:"C:/MinGW/bin/mingw32-make.exe" "cmTC_97cce/fast"

  C:/MinGW/bin/mingw32-make.exe -f CMakeFiles\cmTC_97cce.dir\build.make
  CMakeFiles/cmTC_97cce.dir/build

  mingw32-make.exe[1]: Entering directory 'C:/Users/ahmte/Desktop/Cpp
  â•“dev/161044011/cmake-build-debug/CMakeFiles/CMakeTmp'

  Building C object CMakeFiles/cmTC_97cce.dir/testCCompiler.c.obj

  C:\MinGW\bin\gcc.exe -o CMakeFiles\cmTC_97cce.dir\testCCompiler.c.obj -c
  "C:\Users\ahmte\Desktop\Cpp
  â”œÃ»dev\161044011\cmake-build-debug\CMakeFiles\CMakeTmp\testCCompiler.c"

  gcc.exe: error: C:\Users\ahmte\Desktop\Cpp
  +âˆšdev\161044011\cmake-build-debug\CMakeFiles\CMakeTmp\testCCompiler.c: No
  such file or directory

  gcc.exe: fatal error: no input files

  compilation terminated.

  CMakeFiles\cmTC_97cce.dir\build.make:64: recipe for target
  'CMakeFiles/cmTC_97cce.dir/testCCompiler.c.obj' failed

  mingw32-make.exe[1]: *** [CMakeFiles/cmTC_97cce.dir/testCCompiler.c.obj]
  Error 1

  mingw32-make.exe[1]: Leaving directory 'C:/Users/ahmte/Desktop/Cpp
  â•“dev/161044011/cmake-build-debug/CMakeFiles/CMakeTmp'

  Makefile:125: recipe for target 'cmTC_97cce/fast' failed

  mingw32-make.exe: *** [cmTC_97cce/fast] Error 2

  

  

  CMake will not be able to correctly generate this project.
Call Stack (most recent call first):
  CMakeLists.txt:2 (project)


-- Configuring incomplete, errors occurred!
See also "C:/Users/ahmte/Desktop/Cpp Ã–dev/161044011/cmake-build-debug/CMakeFiles/CMakeOutput.log".
See also "C:/Users/ahmte/Desktop/Cpp Ã–dev/161044011/cmake-build-debug/CMakeFiles/CMakeError.log".
